Arguments: 
  /Users/brian/.asdf/installs/nodejs/21.4.0/bin/node /Users/brian/.cache/node/corepack/yarn/1.22.19/bin/yarn.js add pino-adbstract-transport

PATH: 
  /Users/brian/.asdf/plugins/nodejs/shims:/Users/brian/.asdf/installs/nodejs/21.4.0/bin:/Users/brian/.asdf/shims:/Users/brian/.asdf/bin:/usr/local/bin:/usr/bin:/bin:/usr/sbin:/sbin:/usr/local/share/dotnet:~/.dotnet/tools:/Library/Apple/usr/bin:/Library/Frameworks/Mono.framework/Versions/Current/Commands:/Users/brian/.cargo/bin:/Users/brian/.dotnet/tools:/Users/brian/.dotnet/tools

Yarn version: 
  1.22.19

Node version: 
  21.4.0

Platform: 
  darwin x64

Trace: 
  Error: https://registry.yarnpkg.com/pino-adbstract-transport: Not found
      at params.callback [as _callback] (/Users/brian/.cache/node/corepack/yarn/1.22.19/lib/cli.js:66145:18)
      at self.callback (/Users/brian/.cache/node/corepack/yarn/1.22.19/lib/cli.js:140890:22)
      at Request.emit (node:events:519:28)
      at Request.<anonymous> (/Users/brian/.cache/node/corepack/yarn/1.22.19/lib/cli.js:141862:10)
      at Request.emit (node:events:519:28)
      at IncomingMessage.<anonymous> (/Users/brian/.cache/node/corepack/yarn/1.22.19/lib/cli.js:141784:12)
      at Object.onceWrapper (node:events:633:28)
      at IncomingMessage.emit (node:events:531:35)
      at endReadableNT (node:internal/streams/readable:1696:12)
      at process.processTicksAndRejections (node:internal/process/task_queues:82:21)

npm manifest: 
  No manifest

yarn manifest: 
  No manifest

Lockfile: 
  # THIS IS AN AUTOGENERATED FILE. DO NOT EDIT THIS FILE DIRECTLY.
  # yarn lockfile v1
